<?xml version="1.0" encoding="UTF-8"?>
<!-- Generated by org.testng.reporters.JUnitReportReporter -->
<testsuite hostname="BARAA-MANASRAH" failures="0" tests="3" name="swaglab.AddRandomITem" time="0.539" errors="0" timestamp="2025-09-12T14:56:33 EET" skipped="1">
  <testcase classname="swaglab.AddRandomITem" name="login" time="0.331"/>
  <testcase classname="swaglab.AddRandomITem" name="AddThreeRandomIteam" time="0.208"/>
  <testcase classname="swaglab.AddRandomITem" name="MyTest">
    <skipped/>
  </testcase> <!-- MyTest -->
</testsuite> <!-- swaglab.AddRandomITem -->
