<?xml version="1.0" encoding="UTF-8"?>
<!-- Generated by org.testng.reporters.JUnitReportReporter -->
<testsuite hostname="BARAA-MANASRAH" failures="0" tests="3" name="Automation.MyTestcases" time="27.333" errors="0" timestamp="2025-09-14T23:13:19 EET" skipped="0">
  <testcase classname="Automation.MyTestcases" name="SignupTest" time="17.091"/>
  <testcase classname="Automation.MyTestcases" name="logout" time="3.311"/>
  <testcase classname="Automation.MyTestcases" name="Login" time="6.931"/>
</testsuite> <!-- Automation.MyTestcases -->
