<?xml version="1.0" encoding="UTF-8"?>
<!-- Generated by org.testng.reporters.JUnitReportReporter -->
<testsuite hostname="BARAA-MANASRAH" failures="0" tests="1" name="swaglab.MyTestCases" time="1.042" errors="0" timestamp="2025-08-30T16:14:40 EET" skipped="0">
  <testcase classname="swaglab.MyTestCases" name="myTest" time="1.042"/>
</testsuite> <!-- swaglab.MyTestCases -->
